<?xml version='1.0' encoding='UTF-8'?>
<testsuite hostname="LT-0112" name="com.onairentertainment.delivery.akka.actors.GameResultAggregatorActorTestSpec" tests="3" errors="0" failures="0" skipped="0" time="3.025" timestamp="2022-10-07T22:53:23">
                     <properties>
[...]
</properties>
                     <testcase classname="com.onairentertainment.delivery.akka.actors.GameResultAggregatorActorTestSpec" name="A GameResultAggregatorActor should aggregate initial results and respond with AggregatorReply(sortedResults)" time="0.024">
                                                 
                                               </testcase><testcase classname="com.onairentertainment.delivery.akka.actors.GameResultAggregatorActorTestSpec" name="A GameResultAggregatorActor should only respond with AggregatorReply" time="0.001">
                                                 
                                               </testcase><testcase classname="com.onairentertainment.delivery.akka.actors.GameResultAggregatorActorTestSpec" name="A GameResultAggregatorActor should not handle any other messages than AggregateResults" time="3.0">
                                                 
                                               </testcase>
                     <system-out><![CDATA[]]></system-out>
                     <system-err><![CDATA[]]></system-err>
                   </testsuite>